<?xml version="1.0" encoding="UTF-8"?>
<testsuites>
  <testsuite name="/home/williamdk/sites/versioning/phpunit.xml.dist" tests="37" assertions="51" errors="0" failures="0" skipped="0" time="1.791572">
    <testsuite name="Williamug Test Suite" tests="37" assertions="51" errors="0" failures="0" skipped="0" time="1.791572">
      <testsuite name="Tests\ArchTest" file="tests/ArchTest.php" tests="1" assertions="3" errors="0" failures="0" skipped="0" time="0.221635">
        <testcase name="it will not use debugging functions" file="tests/ArchTest.php::it will not use debugging functions" class="Tests\ArchTest" classname="Tests.ArchTest" assertions="3" time="0.221635"/>
      </testsuite>
      <testsuite name="Tests\BladeDirectivesTest" file="tests/BladeDirectivesTest.php" tests="7" assertions="7" errors="0" failures="0" skipped="0" time="0.065647">
        <testcase name="it app_version_full directive outputs correct php code" file="tests/BladeDirectivesTest.php::it app_version_full directive outputs correct php code" class="Tests\BladeDirectivesTest" classname="Tests.BladeDirectivesTest" assertions="1" time="0.020622"/>
        <testcase name="it app_version_commit directive outputs correct php code" file="tests/BladeDirectivesTest.php::it app_version_commit directive outputs correct php code" class="Tests\BladeDirectivesTest" classname="Tests.BladeDirectivesTest" assertions="1" time="0.007749"/>
        <testcase name="it registers app_version_full blade directive" file="tests/BladeDirectivesTest.php::it registers app_version_full blade directive" class="Tests\BladeDirectivesTest" classname="Tests.BladeDirectivesTest" assertions="1" time="0.006832"/>
        <testcase name="it registers app_version_tag blade directive" file="tests/BladeDirectivesTest.php::it registers app_version_tag blade directive" class="Tests\BladeDirectivesTest" classname="Tests.BladeDirectivesTest" assertions="1" time="0.008273"/>
        <testcase name="it registers app_version_commit blade directive" file="tests/BladeDirectivesTest.php::it registers app_version_commit blade directive" class="Tests\BladeDirectivesTest" classname="Tests.BladeDirectivesTest" assertions="1" time="0.006978"/>
        <testcase name="it registers app_version blade directive" file="tests/BladeDirectivesTest.php::it registers app_version blade directive" class="Tests\BladeDirectivesTest" classname="Tests.BladeDirectivesTest" assertions="1" time="0.008251"/>
        <testcase name="it app_version_tag directive outputs correct php code" file="tests/BladeDirectivesTest.php::it app_version_tag directive outputs correct php code" class="Tests\BladeDirectivesTest" classname="Tests.BladeDirectivesTest" assertions="1" time="0.006943"/>
      </testsuite>
      <testsuite name="Tests\ExampleTest" file="tests/ExampleTest.php" tests="11" assertions="18" errors="0" failures="0" skipped="0" time="0.099515">
        <testcase name="it can clear version cache" file="tests/ExampleTest.php::it can clear version cache" class="Tests\ExampleTest" classname="Tests.ExampleTest" assertions="4" time="0.023180"/>
        <testcase name="it caches version when cache is enabled" file="tests/ExampleTest.php::it caches version when cache is enabled" class="Tests\ExampleTest" classname="Tests.ExampleTest" assertions="3" time="0.007409"/>
        <testcase name="it can get version tag" file="tests/ExampleTest.php::it can get version tag" class="Tests\ExampleTest" classname="Tests.ExampleTest" assertions="1" time="0.007817"/>
        <testcase name="it can get commit hash" file="tests/ExampleTest.php::it can get commit hash" class="Tests\ExampleTest" classname="Tests.ExampleTest" assertions="1" time="0.006894"/>
        <testcase name="it uses custom fallback version from config" file="tests/ExampleTest.php::it uses custom fallback version from config" class="Tests\ExampleTest" classname="Tests.ExampleTest" assertions="1" time="0.008196"/>
        <testcase name="it returns fallback version when not in a git repository" file="tests/ExampleTest.php::it returns fallback version when not in a git repository" class="Tests\ExampleTest" classname="Tests.ExampleTest" assertions="1" time="0.006842"/>
        <testcase name="it returns cached version when available" file="tests/ExampleTest.php::it returns cached version when available" class="Tests\ExampleTest" classname="Tests.ExampleTest" assertions="3" time="0.008237"/>
        <testcase name="it removes version prefix when configured" file="tests/ExampleTest.php::it removes version prefix when configured" class="Tests\ExampleTest" classname="Tests.ExampleTest" assertions="1" time="0.007357"/>
        <testcase name="it can get tag with commit" file="tests/ExampleTest.php::it can get tag with commit" class="Tests\ExampleTest" classname="Tests.ExampleTest" assertions="1" time="0.008296"/>
        <testcase name="it can get full version" file="tests/ExampleTest.php::it can get full version" class="Tests\ExampleTest" classname="Tests.ExampleTest" assertions="1" time="0.007504"/>
        <testcase name="it returns fallback version when git is not available" file="tests/ExampleTest.php::it returns fallback version when git is not available" class="Tests\ExampleTest" classname="Tests.ExampleTest" assertions="1" time="0.007784"/>
      </testsuite>
      <testsuite name="Tests\StandaloneVersioningTest" file="tests/StandaloneVersioningTest.php" tests="13" assertions="16" errors="0" failures="0" skipped="0" time="1.186059">
        <testcase name="it can get tag with commit" file="tests/StandaloneVersioningTest.php::it can get tag with commit" class="Tests\StandaloneVersioningTest" classname="Tests.StandaloneVersioningTest" assertions="1" time="0.020742"/>
        <testcase name="it uses custom fallback version" file="tests/StandaloneVersioningTest.php::it uses custom fallback version" class="Tests\StandaloneVersioningTest" classname="Tests.StandaloneVersioningTest" assertions="1" time="0.007909"/>
        <testcase name="it can clear cache" file="tests/StandaloneVersioningTest.php::it can clear cache" class="Tests\StandaloneVersioningTest" classname="Tests.StandaloneVersioningTest" assertions="1" time="0.009761"/>
        <testcase name="it can configure repository path" file="tests/StandaloneVersioningTest.php::it can configure repository path" class="Tests\StandaloneVersioningTest" classname="Tests.StandaloneVersioningTest" assertions="1" time="0.008115"/>
        <testcase name="it can get commit hash" file="tests/StandaloneVersioningTest.php::it can get commit hash" class="Tests\StandaloneVersioningTest" classname="Tests.StandaloneVersioningTest" assertions="1" time="0.007405"/>
        <testcase name="it returns fallback version when git is not available" file="tests/StandaloneVersioningTest.php::it returns fallback version when git is not available" class="Tests\StandaloneVersioningTest" classname="Tests.StandaloneVersioningTest" assertions="1" time="0.008075"/>
        <testcase name="it removes prefix when configured" file="tests/StandaloneVersioningTest.php::it removes prefix when configured" class="Tests\StandaloneVersioningTest" classname="Tests.StandaloneVersioningTest" assertions="1" time="0.007518"/>
        <testcase name="it respects cache ttl" file="tests/StandaloneVersioningTest.php::it respects cache ttl" class="Tests\StandaloneVersioningTest" classname="Tests.StandaloneVersioningTest" assertions="1" time="1.010347"/>
        <testcase name="it caches version when caching is enabled" file="tests/StandaloneVersioningTest.php::it caches version when caching is enabled" class="Tests\StandaloneVersioningTest" classname="Tests.StandaloneVersioningTest" assertions="1" time="0.022156"/>
        <testcase name="it can get full version" file="tests/StandaloneVersioningTest.php::it can get full version" class="Tests\StandaloneVersioningTest" classname="Tests.StandaloneVersioningTest" assertions="1" time="0.020833"/>
        <testcase name="it handles invalid repository path gracefully" file="tests/StandaloneVersioningTest.php::it handles invalid repository path gracefully" class="Tests\StandaloneVersioningTest" classname="Tests.StandaloneVersioningTest" assertions="1" time="0.021271"/>
        <testcase name="it handles all version formats" file="tests/StandaloneVersioningTest.php::it handles all version formats" class="Tests\StandaloneVersioningTest" classname="Tests.StandaloneVersioningTest" assertions="4" time="0.021467"/>
        <testcase name="it can get version tag" file="tests/StandaloneVersioningTest.php::it can get version tag" class="Tests\StandaloneVersioningTest" classname="Tests.StandaloneVersioningTest" assertions="1" time="0.020458"/>
      </testsuite>
      <testsuite name="Tests\FunctionTest" file="tests/FunctionTest.php" tests="5" assertions="7" errors="0" failures="0" skipped="0" time="0.218717">
        <testcase name="it app_version returns dev as fallback" file="tests/FunctionTest.php::it app_version returns dev as fallback" class="Tests\FunctionTest" classname="Tests.FunctionTest" assertions="1" time="0.067528"/>
        <testcase name="it app_version returns string" file="tests/FunctionTest.php::it app_version returns string" class="Tests\FunctionTest" classname="Tests.FunctionTest" assertions="1" time="0.034317"/>
        <testcase name="it app_version handles invalid format gracefully" file="tests/FunctionTest.php::it app_version handles invalid format gracefully" class="Tests\FunctionTest" classname="Tests.FunctionTest" assertions="1" time="0.036640"/>
        <testcase name="it app_version accepts format parameter" file="tests/FunctionTest.php::it app_version accepts format parameter" class="Tests\FunctionTest" classname="Tests.FunctionTest" assertions="3" time="0.059944"/>
        <testcase name="it app_version function exists" file="tests/FunctionTest.php::it app_version function exists" class="Tests\FunctionTest" classname="Tests.FunctionTest" assertions="1" time="0.020287"/>
      </testsuite>
    </testsuite>
  </testsuite>
</testsuites>
